INFO:Fri, 02 Aug 2024 14:55:34-dashvector_tongyi.py-[line:16]- 已加载 Dashscope API 密钥: sk-95ec6c38888044ce8a5addd4224edc83
INFO:Fri, 02 Aug 2024 14:55:34-dashvector_tongyi.py-[line:54]- 正在初始化 dashvector 客户端...
INFO:Fri, 02 Aug 2024 14:55:34-dashvector_tongyi.py-[line:60]- 客户端初始化成功，客户端数据：{"code": 0, "message": "", "request_id": "7abb1f16-7cd0-4d7a-b71e-f3a15e46b7e0", "version": "2.4.5.11-dirty\n"}
INFO:Fri, 02 Aug 2024 14:55:34-dashvector_tongyi.py-[line:64]- 现有集合: {"code": 0, "message": "", "requests_id": "46f92846-d98e-446a-bc3c-471fe09a961d", "output": ["zydCollection"]}
INFO:Fri, 02 Aug 2024 14:55:34-dashvector_tongyi.py-[line:70]- 集合 'CEC-Corpus-TextEmbedding' 不存在，正在创建...
INFO:Fri, 02 Aug 2024 14:55:39-dashvector_tongyi.py-[line:73]- 集合 'CEC-Corpus-TextEmbedding' 创建成功。
INFO:Fri, 02 Aug 2024 14:55:39-dashvector_tongyi.py-[line:91]- 处理批次，ID 范围: [0, 1, 2, 3, 4, 5, 6, 7, 8, 9, 10, 11, 12, 13, 14, 15, 16, 17, 18, 19, 20, 21, 22, 23, 24]
INFO:Fri, 02 Aug 2024 14:55:39-dashvector_tongyi.py-[line:32]- 正在生成嵌入向量。输入数据类型: 列表
INFO:Fri, 02 Aug 2024 14:55:40-dashvector_tongyi.py-[line:39]- TextEmbedding.call 调用成功，正在解析响应。
INFO:Fri, 02 Aug 2024 14:55:40-dashvector_tongyi.py-[line:45]- 嵌入向量生成成功，共生成 25 个嵌入向量。
INFO:Fri, 02 Aug 2024 14:55:40-dashvector_tongyi.py-[line:48]- 返回的结果类型: 列表
INFO:Fri, 02 Aug 2024 14:55:40-dashvector_tongyi.py-[line:94]- 已为批次生成嵌入向量。
INFO:Fri, 02 Aug 2024 14:55:41-dashvector_tongyi.py-[line:104]- 批次插入成功。
INFO:Fri, 02 Aug 2024 14:55:41-dashvector_tongyi.py-[line:91]- 处理批次，ID 范围: [25, 26, 27, 28, 29, 30, 31, 32, 33, 34, 35, 36, 37, 38, 39, 40, 41, 42, 43, 44, 45, 46, 47, 48, 49]
INFO:Fri, 02 Aug 2024 14:55:41-dashvector_tongyi.py-[line:32]- 正在生成嵌入向量。输入数据类型: 列表
INFO:Fri, 02 Aug 2024 14:55:42-dashvector_tongyi.py-[line:39]- TextEmbedding.call 调用成功，正在解析响应。
INFO:Fri, 02 Aug 2024 14:55:42-dashvector_tongyi.py-[line:45]- 嵌入向量生成成功，共生成 25 个嵌入向量。
INFO:Fri, 02 Aug 2024 14:55:42-dashvector_tongyi.py-[line:48]- 返回的结果类型: 列表
INFO:Fri, 02 Aug 2024 14:55:42-dashvector_tongyi.py-[line:94]- 已为批次生成嵌入向量。
INFO:Fri, 02 Aug 2024 14:55:43-dashvector_tongyi.py-[line:104]- 批次插入成功。
INFO:Fri, 02 Aug 2024 14:55:43-dashvector_tongyi.py-[line:91]- 处理批次，ID 范围: [50, 51, 52, 53, 54, 55, 56, 57, 58, 59, 60, 61, 62, 63, 64, 65, 66, 67, 68, 69, 70, 71, 72, 73, 74]
INFO:Fri, 02 Aug 2024 14:55:43-dashvector_tongyi.py-[line:32]- 正在生成嵌入向量。输入数据类型: 列表
INFO:Fri, 02 Aug 2024 14:55:44-dashvector_tongyi.py-[line:39]- TextEmbedding.call 调用成功，正在解析响应。
INFO:Fri, 02 Aug 2024 14:55:44-dashvector_tongyi.py-[line:45]- 嵌入向量生成成功，共生成 25 个嵌入向量。
INFO:Fri, 02 Aug 2024 14:55:44-dashvector_tongyi.py-[line:48]- 返回的结果类型: 列表
INFO:Fri, 02 Aug 2024 14:55:44-dashvector_tongyi.py-[line:94]- 已为批次生成嵌入向量。
INFO:Fri, 02 Aug 2024 14:55:44-dashvector_tongyi.py-[line:104]- 批次插入成功。
INFO:Fri, 02 Aug 2024 14:55:44-dashvector_tongyi.py-[line:91]- 处理批次，ID 范围: [75, 76, 77, 78, 79, 80, 81, 82, 83, 84, 85, 86, 87, 88, 89, 90, 91, 92, 93, 94, 95, 96, 97, 98, 99]
INFO:Fri, 02 Aug 2024 14:55:44-dashvector_tongyi.py-[line:32]- 正在生成嵌入向量。输入数据类型: 列表
INFO:Fri, 02 Aug 2024 14:55:45-dashvector_tongyi.py-[line:39]- TextEmbedding.call 调用成功，正在解析响应。
INFO:Fri, 02 Aug 2024 14:55:45-dashvector_tongyi.py-[line:45]- 嵌入向量生成成功，共生成 25 个嵌入向量。
INFO:Fri, 02 Aug 2024 14:55:45-dashvector_tongyi.py-[line:48]- 返回的结果类型: 列表
INFO:Fri, 02 Aug 2024 14:55:45-dashvector_tongyi.py-[line:94]- 已为批次生成嵌入向量。
INFO:Fri, 02 Aug 2024 14:55:46-dashvector_tongyi.py-[line:104]- 批次插入成功。
INFO:Fri, 02 Aug 2024 14:55:46-dashvector_tongyi.py-[line:91]- 处理批次，ID 范围: [100, 101, 102, 103, 104, 105, 106, 107, 108, 109, 110, 111, 112, 113, 114, 115, 116, 117, 118, 119, 120, 121, 122, 123, 124]
INFO:Fri, 02 Aug 2024 14:55:46-dashvector_tongyi.py-[line:32]- 正在生成嵌入向量。输入数据类型: 列表
INFO:Fri, 02 Aug 2024 14:55:47-dashvector_tongyi.py-[line:39]- TextEmbedding.call 调用成功，正在解析响应。
INFO:Fri, 02 Aug 2024 14:55:47-dashvector_tongyi.py-[line:45]- 嵌入向量生成成功，共生成 25 个嵌入向量。
INFO:Fri, 02 Aug 2024 14:55:47-dashvector_tongyi.py-[line:48]- 返回的结果类型: 列表
INFO:Fri, 02 Aug 2024 14:55:47-dashvector_tongyi.py-[line:94]- 已为批次生成嵌入向量。
INFO:Fri, 02 Aug 2024 14:55:47-dashvector_tongyi.py-[line:104]- 批次插入成功。
INFO:Fri, 02 Aug 2024 14:55:47-dashvector_tongyi.py-[line:91]- 处理批次，ID 范围: [125, 126, 127, 128, 129, 130, 131, 132, 133, 134, 135, 136, 137, 138, 139, 140, 141, 142, 143, 144, 145, 146, 147, 148, 149]
INFO:Fri, 02 Aug 2024 14:55:47-dashvector_tongyi.py-[line:32]- 正在生成嵌入向量。输入数据类型: 列表
INFO:Fri, 02 Aug 2024 14:55:48-dashvector_tongyi.py-[line:39]- TextEmbedding.call 调用成功，正在解析响应。
INFO:Fri, 02 Aug 2024 14:55:48-dashvector_tongyi.py-[line:45]- 嵌入向量生成成功，共生成 25 个嵌入向量。
INFO:Fri, 02 Aug 2024 14:55:48-dashvector_tongyi.py-[line:48]- 返回的结果类型: 列表
INFO:Fri, 02 Aug 2024 14:55:48-dashvector_tongyi.py-[line:94]- 已为批次生成嵌入向量。
INFO:Fri, 02 Aug 2024 14:55:49-dashvector_tongyi.py-[line:104]- 批次插入成功。
INFO:Fri, 02 Aug 2024 14:55:49-dashvector_tongyi.py-[line:91]- 处理批次，ID 范围: [150, 151, 152, 153, 154, 155, 156, 157, 158, 159, 160, 161, 162, 163, 164, 165, 166, 167, 168, 169, 170, 171, 172, 173, 174]
INFO:Fri, 02 Aug 2024 14:55:49-dashvector_tongyi.py-[line:32]- 正在生成嵌入向量。输入数据类型: 列表
INFO:Fri, 02 Aug 2024 14:55:50-dashvector_tongyi.py-[line:39]- TextEmbedding.call 调用成功，正在解析响应。
INFO:Fri, 02 Aug 2024 14:55:50-dashvector_tongyi.py-[line:45]- 嵌入向量生成成功，共生成 25 个嵌入向量。
INFO:Fri, 02 Aug 2024 14:55:50-dashvector_tongyi.py-[line:48]- 返回的结果类型: 列表
INFO:Fri, 02 Aug 2024 14:55:50-dashvector_tongyi.py-[line:94]- 已为批次生成嵌入向量。
INFO:Fri, 02 Aug 2024 14:55:50-dashvector_tongyi.py-[line:104]- 批次插入成功。
INFO:Fri, 02 Aug 2024 14:55:50-dashvector_tongyi.py-[line:91]- 处理批次，ID 范围: [175, 176, 177, 178, 179, 180, 181, 182, 183, 184, 185, 186, 187, 188, 189, 190, 191, 192, 193, 194, 195, 196, 197, 198, 199]
INFO:Fri, 02 Aug 2024 14:55:50-dashvector_tongyi.py-[line:32]- 正在生成嵌入向量。输入数据类型: 列表
INFO:Fri, 02 Aug 2024 14:55:51-dashvector_tongyi.py-[line:39]- TextEmbedding.call 调用成功，正在解析响应。
INFO:Fri, 02 Aug 2024 14:55:51-dashvector_tongyi.py-[line:45]- 嵌入向量生成成功，共生成 25 个嵌入向量。
INFO:Fri, 02 Aug 2024 14:55:51-dashvector_tongyi.py-[line:48]- 返回的结果类型: 列表
INFO:Fri, 02 Aug 2024 14:55:51-dashvector_tongyi.py-[line:94]- 已为批次生成嵌入向量。
INFO:Fri, 02 Aug 2024 14:55:52-dashvector_tongyi.py-[line:104]- 批次插入成功。
INFO:Fri, 02 Aug 2024 14:55:52-dashvector_tongyi.py-[line:91]- 处理批次，ID 范围: [200, 201, 202, 203, 204, 205, 206, 207, 208, 209, 210, 211, 212, 213, 214, 215, 216, 217, 218, 219, 220, 221, 222, 223, 224]
INFO:Fri, 02 Aug 2024 14:55:52-dashvector_tongyi.py-[line:32]- 正在生成嵌入向量。输入数据类型: 列表
INFO:Fri, 02 Aug 2024 14:55:53-dashvector_tongyi.py-[line:39]- TextEmbedding.call 调用成功，正在解析响应。
INFO:Fri, 02 Aug 2024 14:55:53-dashvector_tongyi.py-[line:45]- 嵌入向量生成成功，共生成 25 个嵌入向量。
INFO:Fri, 02 Aug 2024 14:55:53-dashvector_tongyi.py-[line:48]- 返回的结果类型: 列表
INFO:Fri, 02 Aug 2024 14:55:53-dashvector_tongyi.py-[line:94]- 已为批次生成嵌入向量。
INFO:Fri, 02 Aug 2024 14:55:53-dashvector_tongyi.py-[line:104]- 批次插入成功。
INFO:Fri, 02 Aug 2024 14:55:53-dashvector_tongyi.py-[line:91]- 处理批次，ID 范围: [225, 226, 227, 228, 229, 230, 231, 232, 233, 234, 235, 236, 237, 238, 239, 240, 241, 242, 243, 244, 245, 246, 247, 248, 249]
INFO:Fri, 02 Aug 2024 14:55:53-dashvector_tongyi.py-[line:32]- 正在生成嵌入向量。输入数据类型: 列表
INFO:Fri, 02 Aug 2024 14:55:54-dashvector_tongyi.py-[line:39]- TextEmbedding.call 调用成功，正在解析响应。
INFO:Fri, 02 Aug 2024 14:55:54-dashvector_tongyi.py-[line:45]- 嵌入向量生成成功，共生成 25 个嵌入向量。
INFO:Fri, 02 Aug 2024 14:55:54-dashvector_tongyi.py-[line:48]- 返回的结果类型: 列表
INFO:Fri, 02 Aug 2024 14:55:54-dashvector_tongyi.py-[line:94]- 已为批次生成嵌入向量。
INFO:Fri, 02 Aug 2024 14:55:55-dashvector_tongyi.py-[line:104]- 批次插入成功。
INFO:Fri, 02 Aug 2024 14:55:55-dashvector_tongyi.py-[line:91]- 处理批次，ID 范围: [250, 251, 252, 253, 254, 255, 256, 257, 258, 259, 260, 261, 262, 263, 264, 265, 266, 267, 268, 269, 270, 271, 272, 273, 274]
INFO:Fri, 02 Aug 2024 14:55:55-dashvector_tongyi.py-[line:32]- 正在生成嵌入向量。输入数据类型: 列表
INFO:Fri, 02 Aug 2024 14:55:56-dashvector_tongyi.py-[line:39]- TextEmbedding.call 调用成功，正在解析响应。
INFO:Fri, 02 Aug 2024 14:55:56-dashvector_tongyi.py-[line:45]- 嵌入向量生成成功，共生成 25 个嵌入向量。
INFO:Fri, 02 Aug 2024 14:55:56-dashvector_tongyi.py-[line:48]- 返回的结果类型: 列表
INFO:Fri, 02 Aug 2024 14:55:56-dashvector_tongyi.py-[line:94]- 已为批次生成嵌入向量。
INFO:Fri, 02 Aug 2024 14:55:58-dashvector_tongyi.py-[line:104]- 批次插入成功。
INFO:Fri, 02 Aug 2024 14:55:58-dashvector_tongyi.py-[line:91]- 处理批次，ID 范围: [275, 276, 277, 278, 279, 280, 281, 282, 283, 284, 285, 286, 287, 288, 289, 290, 291, 292, 293, 294, 295, 296, 297, 298, 299]
INFO:Fri, 02 Aug 2024 14:55:58-dashvector_tongyi.py-[line:32]- 正在生成嵌入向量。输入数据类型: 列表
INFO:Fri, 02 Aug 2024 14:55:59-dashvector_tongyi.py-[line:39]- TextEmbedding.call 调用成功，正在解析响应。
INFO:Fri, 02 Aug 2024 14:55:59-dashvector_tongyi.py-[line:45]- 嵌入向量生成成功，共生成 25 个嵌入向量。
INFO:Fri, 02 Aug 2024 14:55:59-dashvector_tongyi.py-[line:48]- 返回的结果类型: 列表
INFO:Fri, 02 Aug 2024 14:55:59-dashvector_tongyi.py-[line:94]- 已为批次生成嵌入向量。
INFO:Fri, 02 Aug 2024 14:56:00-dashvector_tongyi.py-[line:104]- 批次插入成功。
INFO:Fri, 02 Aug 2024 14:56:00-dashvector_tongyi.py-[line:91]- 处理批次，ID 范围: [300, 301, 302, 303, 304, 305, 306, 307, 308, 309, 310, 311, 312, 313, 314, 315, 316, 317, 318, 319, 320, 321, 322, 323, 324]
INFO:Fri, 02 Aug 2024 14:56:00-dashvector_tongyi.py-[line:32]- 正在生成嵌入向量。输入数据类型: 列表
INFO:Fri, 02 Aug 2024 14:56:01-dashvector_tongyi.py-[line:39]- TextEmbedding.call 调用成功，正在解析响应。
INFO:Fri, 02 Aug 2024 14:56:01-dashvector_tongyi.py-[line:45]- 嵌入向量生成成功，共生成 25 个嵌入向量。
INFO:Fri, 02 Aug 2024 14:56:01-dashvector_tongyi.py-[line:48]- 返回的结果类型: 列表
INFO:Fri, 02 Aug 2024 14:56:01-dashvector_tongyi.py-[line:94]- 已为批次生成嵌入向量。
INFO:Fri, 02 Aug 2024 14:56:01-dashvector_tongyi.py-[line:104]- 批次插入成功。
INFO:Fri, 02 Aug 2024 14:56:01-dashvector_tongyi.py-[line:91]- 处理批次，ID 范围: [325, 326, 327, 328, 329, 330, 331]
INFO:Fri, 02 Aug 2024 14:56:01-dashvector_tongyi.py-[line:32]- 正在生成嵌入向量。输入数据类型: 列表
INFO:Fri, 02 Aug 2024 14:56:02-dashvector_tongyi.py-[line:39]- TextEmbedding.call 调用成功，正在解析响应。
INFO:Fri, 02 Aug 2024 14:56:02-dashvector_tongyi.py-[line:45]- 嵌入向量生成成功，共生成 7 个嵌入向量。
INFO:Fri, 02 Aug 2024 14:56:02-dashvector_tongyi.py-[line:48]- 返回的结果类型: 列表
INFO:Fri, 02 Aug 2024 14:56:02-dashvector_tongyi.py-[line:94]- 已为批次生成嵌入向量。
INFO:Fri, 02 Aug 2024 14:56:02-dashvector_tongyi.py-[line:104]- 批次插入成功。
